This is e-TeX, Version 3.14159-2.1 (Web2C 7.4.5) (format=latex 2005.6.1)  28 NOV 2005 10:34
entering extended mode
**./images.tex
(./images.tex
LaTeX2e <2001/06/01>
Babel <v3.7h> and hyphenation patterns for american, nohyphenation, catalan, ir
ish, icelandic, swedish, loaded.

(/usr/share/texmf/tex/latex/base/article.cls
Document Class: article 2001/04/21 v1.4e Standard LaTeX document class
(/usr/share/texmf/tex/latex/base/size10.clo
File: size10.clo 2001/04/21 v1.4e Standard LaTeX file (size option)
)
\c@part=\count79
\c@section=\count80
\c@subsection=\count81
\c@subsubsection=\count82
\c@paragraph=\count83
\c@subparagraph=\count84
\c@figure=\count85
\c@table=\count86
\abovecaptionskip=\skip41
\belowcaptionskip=\skip42
\bibindent=\dimen102
) (/usr/share/texmf/tex/latex/base/ifthen.sty
Package: ifthen 2001/05/26 v1.1c Standard LaTeX ifthen package (DPC)
) (/usr/share/texmf/tex/latex/base/fontenc.sty
Package: fontenc 2001/06/05 v1.94 Standard LaTeX package
(/usr/share/texmf/tex/latex/base/t1enc.def
File: t1enc.def 2001/06/05 v1.94 Standard LaTeX file
LaTeX Font Info:    Redeclaring font encoding T1 on input line 38.
)) (/usr/share/texmf/tex/latex/base/inputenc.sty
Package: inputenc 2001/07/10 v0.99a Input encoding file 
(/usr/share/texmf/tex/latex/base/latin1.def
File: latin1.def 2001/07/10 v0.99a Input encoding file 
)) (/usr/share/texmf/tex/latex/misc/geometry.sty
Package: geometry 2002/07/08 v3.2 Page Geometry
(/usr/share/texmf/tex/latex/graphics/keyval.sty
Package: keyval 1999/03/16 v1.13 key=value parser (DPC)
\KV@toks@=\toks14
)
\Gm@cnth=\count87
\Gm@cntv=\count88
\c@Gm@tempcnt=\count89
\Gm@bindingoffset=\dimen103
\Gm@wd@mp=\dimen104
\Gm@odd@mp=\dimen105
\Gm@even@mp=\dimen106
\Gm@dimlist=\toks15
(/usr/share/texmf/tex/latex/config/geometry.cfg
File: geometry.cfg 2001/06/05 v1.0 teTeX (uncustomised setup)
)) (/usr/share/texmf/tex/latex/tools/array.sty
Package: array 1998/05/13 v2.3m Tabular extension package (FMi)
\col@sep=\dimen107
\extrarowheight=\dimen108
\NC@list=\toks16
\extratabsurround=\skip43
\backup@length=\skip44
) (/usr/share/texmf/tex/latex/graphics/color.sty
Package: color 1999/02/16 v1.0i Standard LaTeX Color (DPC)
(/usr/share/texmf/tex/latex/config/color.cfg
File: color.cfg 2001/08/31 v1.1 color configuration of teTeX/TeXLive
)
Package color Info: Driver file: dvips.def on input line 125.
(/usr/share/texmf/tex/latex/graphics/dvips.def
File: dvips.def 1999/02/16 v3.0i Driver-dependant file (DPC,SPQR)
) (/usr/share/texmf/tex/latex/graphics/dvipsnam.def
File: dvipsnam.def 1999/02/16 v3.0i Driver-dependant file (DPC,SPQR)
)) (/usr/share/texmf/tex/latex/graphics/graphicx.sty
Package: graphicx 1999/02/16 v1.0f Enhanced LaTeX Graphics (DPC,SPQR)
(/usr/share/texmf/tex/latex/graphics/graphics.sty
Package: graphics 2001/07/07 v1.0n Standard LaTeX Graphics (DPC,SPQR)
(/usr/share/texmf/tex/latex/graphics/trig.sty
Package: trig 1999/03/16 v1.09 sin cos tan (DPC)
) (/usr/share/texmf/tex/latex/config/graphics.cfg
File: graphics.cfg 2001/08/31 v1.1 graphics configuration of teTeX/TeXLive
)
Package graphics Info: Driver file: dvips.def on input line 80.
)
\Gin@req@height=\dimen109
\Gin@req@width=\dimen110
) (/usr/share/texmf/tex/latex/amsfonts/amssymb.sty
Package: amssymb 2002/01/22 v2.2d
(/usr/share/texmf/tex/latex/amsfonts/amsfonts.sty
Package: amsfonts 2001/10/25 v2.2f
\@emptytoks=\toks17
\symAMSa=\mathgroup4
\symAMSb=\mathgroup5
LaTeX Font Info:    Overwriting math alphabet `\mathfrak' in version `bold'
(Font)                  U/euf/m/n --> U/euf/b/n on input line 132.
)) (/usr/share/texmf/tex/generic/babel/babel.sty
Package: babel 2001/03/01 v3.7h The Babel package
(/usr/share/texmf/tex/generic/babel/frenchb.ldf
Language: french 2001/09/09 v1.5g French support from the babel system
(/usr/share/texmf/tex/generic/babel/babel.def
File: babel.def 2001/03/01 v3.7h Babel common definitions
\babel@savecnt=\count90
\U@D=\dimen111
)

Package babel Warning: No hyphenation patterns were loaded for
(babel)                the language `French'
(babel)                I will use the patterns loaded for \language=0 instead.

\l@french = a dialect from \language0
Package babel Info: Making : an active character on input line 199.
Package babel Info: Making ; an active character on input line 200.
Package babel Info: Making ! an active character on input line 201.
Package babel Info: Making ? an active character on input line 202.
*************************************
* Local config file frenchb.cfg used
*
(/usr/share/texmf/tex/generic/babel/frenchb.cfg)))
\sizebox=\box26
\lthtmlwrite=\write3
No file images.aux.
\openout1 = `images.aux'.

LaTeX Font Info:    Checking defaults for OML/cmm/m/it on input line 137.
LaTeX Font Info:    ... okay on input line 137.
LaTeX Font Info:    Checking defaults for T1/cmr/m/n on input line 137.
LaTeX Font Info:    ... okay on input line 137.
LaTeX Font Info:    Checking defaults for OT1/cmr/m/n on input line 137.
LaTeX Font Info:    ... okay on input line 137.
LaTeX Font Info:    Checking defaults for OMS/cmsy/m/n on input line 137.
LaTeX Font Info:    ... okay on input line 137.
LaTeX Font Info:    Checking defaults for OMX/cmex/m/n on input line 137.
LaTeX Font Info:    ... okay on input line 137.
LaTeX Font Info:    Checking defaults for U/cmr/m/n on input line 137.
LaTeX Font Info:    ... okay on input line 137.
LaTeX Font Info:    Checking defaults for OT2/wncyr/m/n on input line 137.
LaTeX Font Info:    Try loading font information for OT2+wncyr on input line 13
7.
(/usr/share/texmf/tex/latex/cyrillic/ot2wncyr.fd
File: ot2wncyr.fd 1999/12/17 v3.2a Computer Modern Cyrillic font definitions
)
LaTeX Font Info:    ... okay on input line 137.

Package geometry Warning: The marginal notes would fall off the page.
     Add 47.54726pt and more to the right margin.

-------------------- Geometry parameters
paper: a4paper
landscape: --
twocolumn: --
twoside: --
asymmetric: --
h-parts: 28.45274pt, 540.60239pt, 28.45274pt
v-parts: 28.45274pt, 759.6886pt, 56.9055pt
hmarginratio: --
vmarginratio: --
lines: --
heightrounded: --
bindingoffset: 0.0pt
truedimen: --
includehead: --
includefoot: --
includemp: --
driver: 
-------------------- Page layout dimensions and switches
\paperwidth  597.50787pt
\paperheight 845.04684pt
\textwidth  349.0pt
\textheight 744.3241pt
\oddsidemargin  -43.81725pt
\evensidemargin -43.81725pt
\topmargin  0.0pt
\headheight 0.0pt
\headsep    0.0pt
\footskip   0.0pt
\marginparwidth 65.0pt
\marginparsep   11.0pt
\columnsep  10.0pt
\skip\footins  9.0pt plus 4.0pt minus 2.0pt
\hoffset 0.0pt
\voffset 0.0pt
\mag 1000

(1in=72.27pt, 1cm=28.45pt)
-----------------------
LaTeX Info: Redefining \dots on input line 137.

latex2htmlLength hsize=349.0pt

latex2htmlLength vsize=744.3241pt

latex2htmlLength hoffset=0.0pt

latex2htmlLength voffset=0.0pt

latex2htmlLength topmargin=0.0pt

latex2htmlLength topskip=0.00003pt

latex2htmlLength headheight=0.0pt

latex2htmlLength headsep=0.0pt

latex2htmlLength parskip=0.0pt plus 1.0pt

latex2htmlLength oddsidemargin=-43.81725pt

latex2htmlLength evensidemargin=-43.81725pt


LaTeX Warning: File `images/rocket.png' not found on input line 162.


! LaTeX Error: File `images/rocket.png' not found.

See the LaTeX manual or LaTeX Companion for explanation.
Type  H <return>  for immediate help.
 ...                                              
                                                  
l.162 \includegraphics{images/rocket.png}
                                         %
Try typing  <return>  to proceed.
If that doesn't work, type  X <return>  to quit.


! LaTeX Error: Cannot determine size of graphic in images/rocket.png (no Boundi
ngBox).

See the LaTeX manual or LaTeX Companion for explanation.
Type  H <return>  for immediate help.
 ...                                              
                                                  
l.162 \includegraphics{images/rocket.png}
                                         %
Try typing  <return>  to proceed.
If that doesn't work, type  X <return>  to quit.

File: images/rocket.png Graphic file (type eps)
<images/rocket.png>
l2hSize :tex2html_wrap218:72.26999pt::0.0pt::349.0pt.
[1



]

LaTeX Warning: File `images/save.png' not found on input line 168.


! LaTeX Error: File `images/save.png' not found.

See the LaTeX manual or LaTeX Companion for explanation.
Type  H <return>  for immediate help.
 ...                                              
                                                  
l.168 \includegraphics{images/save.png}
                                       %
Try typing  <return>  to proceed.
If that doesn't work, type  X <return>  to quit.


! LaTeX Error: Cannot determine size of graphic in images/save.png (no Bounding
Box).

See the LaTeX manual or LaTeX Companion for explanation.
Type  H <return>  for immediate help.
 ...                                              
                                                  
l.168 \includegraphics{images/save.png}
                                       %
Try typing  <return>  to proceed.
If that doesn't work, type  X <return>  to quit.

File: images/save.png Graphic file (type eps)
<images/save.png>
l2hSize :tex2html_wrap298:72.26999pt::0.0pt::349.0pt.
[2


]

LaTeX Warning: File `images/mailto.png' not found on input line 174.


! LaTeX Error: File `images/mailto.png' not found.

See the LaTeX manual or LaTeX Companion for explanation.
Type  H <return>  for immediate help.
 ...                                              
                                                  
l.174 \includegraphics{images/mailto.png}
                                         %
Try typing  <return>  to proceed.
If that doesn't work, type  X <return>  to quit.


! LaTeX Error: Cannot determine size of graphic in images/mailto.png (no Boundi
ngBox).

See the LaTeX manual or LaTeX Companion for explanation.
Type  H <return>  for immediate help.
 ...                                              
                                                  
l.174 \includegraphics{images/mailto.png}
                                         %
Try typing  <return>  to proceed.
If that doesn't work, type  X <return>  to quit.

File: images/mailto.png Graphic file (type eps)
<images/mailto.png>
l2hSize :tex2html_wrap299:72.26999pt::0.0pt::349.0pt.
[3


]

LaTeX Warning: File `images/action.png' not found on input line 180.


! LaTeX Error: File `images/action.png' not found.

See the LaTeX manual or LaTeX Companion for explanation.
Type  H <return>  for immediate help.
 ...                                              
                                                  
l.180 \includegraphics{images/action.png}
                                         %
Try typing  <return>  to proceed.
If that doesn't work, type  X <return>  to quit.


! LaTeX Error: Cannot determine size of graphic in images/action.png (no Boundi
ngBox).

See the LaTeX manual or LaTeX Companion for explanation.
Type  H <return>  for immediate help.
 ...                                              
                                                  
l.180 \includegraphics{images/action.png}
                                         %
Try typing  <return>  to proceed.
If that doesn't work, type  X <return>  to quit.

File: images/action.png Graphic file (type eps)
<images/action.png>
l2hSize :tex2html_wrap300:72.26999pt::0.0pt::349.0pt.
[4


]

LaTeX Warning: File `images/editpaste.png' not found on input line 186.


! LaTeX Error: File `images/editpaste.png' not found.

See the LaTeX manual or LaTeX Companion for explanation.
Type  H <return>  for immediate help.
 ...                                              
                                                  
l.186 \includegraphics{images/editpaste.png}
                                            %
Try typing  <return>  to proceed.
If that doesn't work, type  X <return>  to quit.


! LaTeX Error: Cannot determine size of graphic in images/editpaste.png (no Bou
ndingBox).

See the LaTeX manual or LaTeX Companion for explanation.
Type  H <return>  for immediate help.
 ...                                              
                                                  
l.186 \includegraphics{images/editpaste.png}
                                            %
Try typing  <return>  to proceed.
If that doesn't work, type  X <return>  to quit.

File: images/editpaste.png Graphic file (type eps)
<images/editpaste.png>
l2hSize :tex2html_wrap301:72.26999pt::0.0pt::349.0pt.
[5


]

LaTeX Warning: File `images/edit.png' not found on input line 192.


! LaTeX Error: File `images/edit.png' not found.

See the LaTeX manual or LaTeX Companion for explanation.
Type  H <return>  for immediate help.
 ...                                              
                                                  
l.192 \includegraphics{images/edit.png}
                                       %
Try typing  <return>  to proceed.
If that doesn't work, type  X <return>  to quit.


! LaTeX Error: Cannot determine size of graphic in images/edit.png (no Bounding
Box).

See the LaTeX manual or LaTeX Companion for explanation.
Type  H <return>  for immediate help.
 ...                                              
                                                  
l.192 \includegraphics{images/edit.png}
                                       %
Try typing  <return>  to proceed.
If that doesn't work, type  X <return>  to quit.

File: images/edit.png Graphic file (type eps)
<images/edit.png>
l2hSize :tex2html_wrap302:72.26999pt::0.0pt::349.0pt.
[6


]

LaTeX Warning: File `images/editdelete.png' not found on input line 198.


! LaTeX Error: File `images/editdelete.png' not found.

See the LaTeX manual or LaTeX Companion for explanation.
Type  H <return>  for immediate help.
 ...                                              
                                                  
l.198 \includegraphics{images/editdelete.png}
                                             %
Try typing  <return>  to proceed.
If that doesn't work, type  X <return>  to quit.


! LaTeX Error: Cannot determine size of graphic in images/editdelete.png (no Bo
undingBox).

See the LaTeX manual or LaTeX Companion for explanation.
Type  H <return>  for immediate help.
 ...                                              
                                                  
l.198 \includegraphics{images/editdelete.png}
                                             %
Try typing  <return>  to proceed.
If that doesn't work, type  X <return>  to quit.

File: images/editdelete.png Graphic file (type eps)
<images/editdelete.png>
l2hSize :tex2html_wrap303:72.26999pt::0.0pt::349.0pt.
[7


]

LaTeX Warning: File `images/dtree.png' not found on input line 204.


! LaTeX Error: File `images/dtree.png' not found.

See the LaTeX manual or LaTeX Companion for explanation.
Type  H <return>  for immediate help.
 ...                                              
                                                  
l.204 \includegraphics{images/dtree.png}
                                        %
Try typing  <return>  to proceed.
If that doesn't work, type  X <return>  to quit.


! LaTeX Error: Cannot determine size of graphic in images/dtree.png (no Boundin
gBox).

See the LaTeX manual or LaTeX Companion for explanation.
Type  H <return>  for immediate help.
 ...                                              
                                                  
l.204 \includegraphics{images/dtree.png}
                                        %
Try typing  <return>  to proceed.
If that doesn't work, type  X <return>  to quit.

File: images/dtree.png Graphic file (type eps)
<images/dtree.png>
l2hSize :tex2html_wrap304:72.26999pt::0.0pt::349.0pt.
[8


]

LaTeX Warning: File `images/list_ogroup.png' not found on input line 210.


! LaTeX Error: File `images/list_ogroup.png' not found.

See the LaTeX manual or LaTeX Companion for explanation.
Type  H <return>  for immediate help.
 ...                                              
                                                  
l.210 \includegraphics{images/list_ogroup.png}
                                              %
Try typing  <return>  to proceed.
If that doesn't work, type  X <return>  to quit.


! LaTeX Error: Cannot determine size of graphic in images/list_ogroup.png (no B
oundingBox).

See the LaTeX manual or LaTeX Companion for explanation.
Type  H <return>  for immediate help.
 ...                                              
                                                  
l.210 \includegraphics{images/list_ogroup.png}
                                              %
Try typing  <return>  to proceed.
If that doesn't work, type  X <return>  to quit.

File: images/list_ogroup.png Graphic file (type eps)
<images/list_ogroup.png>
l2hSize :tex2html_wrap305:72.26999pt::0.0pt::349.0pt.
[9


]

LaTeX Warning: File `images/search.png' not found on input line 216.


! LaTeX Error: File `images/search.png' not found.

See the LaTeX manual or LaTeX Companion for explanation.
Type  H <return>  for immediate help.
 ...                                              
                                                  
l.216 \includegraphics{images/search.png}
                                         %
Try typing  <return>  to proceed.
If that doesn't work, type  X <return>  to quit.


! LaTeX Error: Cannot determine size of graphic in images/search.png (no Boundi
ngBox).

See the LaTeX manual or LaTeX Companion for explanation.
Type  H <return>  for immediate help.
 ...                                              
                                                  
l.216 \includegraphics{images/search.png}
                                         %
Try typing  <return>  to proceed.
If that doesn't work, type  X <return>  to quit.

File: images/search.png Graphic file (type eps)
<images/search.png>
l2hSize :tex2html_wrap306:72.26999pt::0.0pt::349.0pt.
[10


]

LaTeX Warning: File `images/closedlock.png' not found on input line 222.


! LaTeX Error: File `images/closedlock.png' not found.

See the LaTeX manual or LaTeX Companion for explanation.
Type  H <return>  for immediate help.
 ...                                              
                                                  
l.222 \includegraphics{images/closedlock.png}
                                             %
Try typing  <return>  to proceed.
If that doesn't work, type  X <return>  to quit.


! LaTeX Error: Cannot determine size of graphic in images/closedlock.png (no Bo
undingBox).

See the LaTeX manual or LaTeX Companion for explanation.
Type  H <return>  for immediate help.
 ...                                              
                                                  
l.222 \includegraphics{images/closedlock.png}
                                             %
Try typing  <return>  to proceed.
If that doesn't work, type  X <return>  to quit.

File: images/closedlock.png Graphic file (type eps)
<images/closedlock.png>
l2hSize :tex2html_wrap307:72.26999pt::0.0pt::349.0pt.
[11


] (./images.aux) ) 
Here is how much of TeX's memory you used:
 2221 strings out of 95667
 26836 string characters out of 1193947
 76154 words of memory out of 1000001
 5209 multiletter control sequences out of 10000+50000
 4403 words of font info for 15 fonts, out of 500000 for 1000
 86 hyphenation exceptions out of 1000
 25i,5n,24p,246b,203s stack positions out of 1500i,500n,5000p,200000b,5000s

Output written on images.dvi (11 pages, 2548 bytes).
